{"timestamp":"2025-11-19T17:00:42.468631Z","level":"info","event":"DAG bundles loaded: dags-folder, example_dags","logger":"airflow.dag_processing.bundles.manager.DagBundlesManager","filename":"manager.py","lineno":179}
{"timestamp":"2025-11-19T17:00:42.470326Z","level":"info","event":"Filling up the DagBag from /opt/airflow/dags/hw_dag.py","logger":"airflow.models.dagbag.DagBag","filename":"dagbag.py","lineno":593}
{"timestamp":"2025-11-19T17:00:45.910227Z","level":"warning","event":"The `airflow.operators.python.PythonOperator` attribute is deprecated. Please use `'airflow.providers.standard.operators.python.PythonOperator'`.","category":"DeprecatedImportWarning","filename":"/opt/airflow/dags/hw_dag.py","lineno":6,"logger":"py.warnings"}
{"timestamp":"2025-11-19T17:00:45.949926Z","level":"info","event":"Task instance is in running state","logger":"task.stdout"}
{"timestamp":"2025-11-19T17:00:45.950650Z","level":"info","event":" Previous state of the Task instance: TaskInstanceState.QUEUED","logger":"task.stdout"}
{"timestamp":"2025-11-19T17:00:45.951976Z","level":"info","event":"Current task name:predict","logger":"task.stdout"}
{"timestamp":"2025-11-19T17:00:45.952529Z","level":"info","event":"Dag name:car_price_prediction","logger":"task.stdout"}
{"timestamp":"2025-11-19T17:00:45.986956Z","level":"error","event":"2025-11-19 17:00:45,986 - modules.predict - INFO - --- Старт прогнозирования ---","logger":"task.stderr"}
{"timestamp":"2025-11-19T17:00:45.986480Z","level":"info","event":"--- Старт прогнозирования ---","logger":"modules.predict","filename":"predict.py","lineno":98}
{"timestamp":"2025-11-19T17:00:46.041451Z","level":"error","event":"2025-11-19 17:00:46,040 - modules.predict - INFO - Модель успешно загружена из: /opt/airflow/airflow_hw/data/models/model.pkl","logger":"task.stderr"}
{"timestamp":"2025-11-19T17:00:46.040720Z","level":"info","event":"Модель успешно загружена из: /opt/airflow/airflow_hw/data/models/model.pkl","logger":"modules.predict","filename":"predict.py","lineno":31}
{"timestamp":"2025-11-19T17:00:48.706691Z","level":"error","event":"2025-11-19 17:00:48,706 - modules.predict - INFO - Объединено 1 файлов. Строк: 10000","logger":"task.stderr"}
{"timestamp":"2025-11-19T17:00:48.711409Z","level":"info","event":"Объединено 1 файлов. Строк: 10000","logger":"modules.predict","filename":"predict.py","lineno":55}
{"timestamp":"2025-11-19T17:00:49.928889Z","level":"error","event":"2025-11-19 17:00:49,928 - modules.predict - INFO - Предсказания выполнены.","logger":"task.stderr"}
{"timestamp":"2025-11-19T17:00:49.929323Z","level":"info","event":"Предсказания выполнены.","logger":"modules.predict","filename":"predict.py","lineno":71}
{"timestamp":"2025-11-19T17:00:50.058178Z","level":"error","event":"2025-11-19 17:00:50,057 - modules.predict - INFO - Результат сохранен в: /opt/airflow/airflow_hw/data/predictions/predictions.csv","logger":"task.stderr"}
{"timestamp":"2025-11-19T17:00:50.060227Z","level":"error","event":"2025-11-19 17:00:50,058 - modules.predict - INFO - --- Готово ---","logger":"task.stderr"}
{"timestamp":"2025-11-19T17:00:50.058032Z","level":"info","event":"Результат сохранен в: /opt/airflow/airflow_hw/data/predictions/predictions.csv","logger":"modules.predict","filename":"predict.py","lineno":94}
{"timestamp":"2025-11-19T17:00:50.059094Z","level":"info","event":"--- Готово ---","logger":"modules.predict","filename":"predict.py","lineno":108}
{"timestamp":"2025-11-19T17:00:50.081320Z","level":"info","event":"Done. Returned value was: None","logger":"airflow.task.operators.airflow.providers.standard.operators.python.PythonOperator","filename":"python.py","lineno":215}
{"timestamp":"2025-11-19T17:00:50.119319Z","level":"info","event":"Task instance in success state","logger":"task.stdout"}
{"timestamp":"2025-11-19T17:00:50.120835Z","level":"info","event":" Previous state of the Task instance: TaskInstanceState.RUNNING","logger":"task.stdout"}
{"timestamp":"2025-11-19T17:00:50.121895Z","level":"info","event":"Task operator:<Task(PythonOperator): predict>","logger":"task.stdout"}
