{"timestamp":"2025-11-16T15:05:43.410595Z","level":"info","event":"DAG bundles loaded: dags-folder, example_dags","logger":"airflow.dag_processing.bundles.manager.DagBundlesManager","filename":"manager.py","lineno":179}
{"timestamp":"2025-11-16T15:05:43.412061Z","level":"info","event":"Filling up the DagBag from /opt/airflow/dags/hw_dag.py","logger":"airflow.models.dagbag.DagBag","filename":"dagbag.py","lineno":593}
{"timestamp":"2025-11-16T15:05:44.633739Z","level":"warning","event":"The `airflow.operators.python.PythonOperator` attribute is deprecated. Please use `'airflow.providers.standard.operators.python.PythonOperator'`.","category":"DeprecatedImportWarning","filename":"/opt/airflow/dags/hw_dag.py","lineno":6,"logger":"py.warnings"}
{"timestamp":"2025-11-16T15:05:44.661219Z","level":"info","event":"Task instance is in running state","logger":"task.stdout"}
{"timestamp":"2025-11-16T15:05:44.661942Z","level":"info","event":" Previous state of the Task instance: TaskInstanceState.QUEUED","logger":"task.stdout"}
{"timestamp":"2025-11-16T15:05:44.662678Z","level":"info","event":"Current task name:predict","logger":"task.stdout"}
{"timestamp":"2025-11-16T15:05:44.663367Z","level":"info","event":"Dag name:car_price_prediction","logger":"task.stdout"}
{"timestamp":"2025-11-16T15:05:44.664232Z","level":"error","event":"2025-11-16 15:05:44,663 - modules.predict - INFO - --- Начинаем процесс прогнозирования ---","logger":"task.stderr"}
{"timestamp":"2025-11-16T15:05:44.664328Z","level":"info","event":"--- Начинаем процесс прогнозирования ---","logger":"modules.predict","filename":"predict.py","lineno":81}
{"timestamp":"2025-11-16T15:05:44.675741Z","level":"error","event":"2025-11-16 15:05:44,675 - modules.predict - INFO - Модель успешно загружена из: /opt/airflow/airflow_hw/data/models/model.pkl","logger":"task.stderr"}
{"timestamp":"2025-11-16T15:05:44.675709Z","level":"info","event":"Модель успешно загружена из: /opt/airflow/airflow_hw/data/models/model.pkl","logger":"modules.predict","filename":"predict.py","lineno":29}
{"timestamp":"2025-11-16T15:05:45.491418Z","level":"error","event":"2025-11-16 15:05:45,491 - modules.predict - INFO - Объединено 1 файлов. Общее количество строк: 10000","logger":"task.stderr"}
{"timestamp":"2025-11-16T15:05:45.491305Z","level":"info","event":"Объединено 1 файлов. Общее количество строк: 10000","logger":"modules.predict","filename":"predict.py","lineno":49}
{"timestamp":"2025-11-16T15:05:46.181230Z","level":"error","event":"2025-11-16 15:05:46,180 - modules.predict - INFO - Предсказания выполнены и добавлены в DataFrame.","logger":"task.stderr"}
{"timestamp":"2025-11-16T15:05:46.180706Z","level":"info","event":"Предсказания выполнены и добавлены в DataFrame.","logger":"modules.predict","filename":"predict.py","lineno":63}
{"timestamp":"2025-11-16T15:05:48.446252Z","level":"error","event":"2025-11-16 15:05:48,445 - modules.predict - INFO - Предсказания сохранены в: /opt/airflow/airflow_hw/data/predictions/predictions.csv","logger":"task.stderr"}
{"timestamp":"2025-11-16T15:05:48.458968Z","level":"error","event":"2025-11-16 15:05:48,446 - modules.predict - INFO - --- Процесс прогнозирования завершен ---","logger":"task.stderr"}
{"timestamp":"2025-11-16T15:05:48.446213Z","level":"info","event":"Предсказания сохранены в: /opt/airflow/airflow_hw/data/predictions/predictions.csv","logger":"modules.predict","filename":"predict.py","lineno":75}
{"timestamp":"2025-11-16T15:05:48.446477Z","level":"info","event":"--- Процесс прогнозирования завершен ---","logger":"modules.predict","filename":"predict.py","lineno":95}
{"timestamp":"2025-11-16T15:05:48.451850Z","level":"info","event":"Done. Returned value was: None","logger":"airflow.task.operators.airflow.providers.standard.operators.python.PythonOperator","filename":"python.py","lineno":215}
{"timestamp":"2025-11-16T15:05:48.478543Z","level":"info","event":"Task instance in success state","logger":"task.stdout"}
{"timestamp":"2025-11-16T15:05:48.478987Z","level":"info","event":" Previous state of the Task instance: TaskInstanceState.RUNNING","logger":"task.stdout"}
{"timestamp":"2025-11-16T15:05:48.479768Z","level":"info","event":"Task operator:<Task(PythonOperator): predict>","logger":"task.stdout"}
