{"timestamp":"2025-11-16T14:42:02.146816Z","level":"info","event":"DAG bundles loaded: dags-folder, example_dags","logger":"airflow.dag_processing.bundles.manager.DagBundlesManager","filename":"manager.py","lineno":179}
{"timestamp":"2025-11-16T14:42:02.148081Z","level":"info","event":"Filling up the DagBag from /opt/airflow/dags/hw_dag.py","logger":"airflow.models.dagbag.DagBag","filename":"dagbag.py","lineno":593}
{"timestamp":"2025-11-16T14:42:03.632471Z","level":"warning","event":"The `airflow.operators.python.PythonOperator` attribute is deprecated. Please use `'airflow.providers.standard.operators.python.PythonOperator'`.","category":"DeprecatedImportWarning","filename":"/opt/airflow/dags/hw_dag.py","lineno":6,"logger":"py.warnings"}
{"timestamp":"2025-11-16T14:42:03.668328Z","level":"info","event":"Task instance is in running state","logger":"task.stdout"}
{"timestamp":"2025-11-16T14:42:03.669171Z","level":"info","event":" Previous state of the Task instance: TaskInstanceState.QUEUED","logger":"task.stdout"}
{"timestamp":"2025-11-16T14:42:03.669971Z","level":"info","event":"Current task name:predict","logger":"task.stdout"}
{"timestamp":"2025-11-16T14:42:03.670623Z","level":"info","event":"Dag name:car_price_prediction","logger":"task.stdout"}
{"timestamp":"2025-11-16T14:42:03.671783Z","level":"error","event":"2025-11-16 14:42:03,671 - modules.predict - INFO - --- Начинаем процесс прогнозирования ---","logger":"task.stderr"}
{"timestamp":"2025-11-16T14:42:03.671878Z","level":"info","event":"--- Начинаем процесс прогнозирования ---","logger":"modules.predict","filename":"predict.py","lineno":81}
{"timestamp":"2025-11-16T14:42:03.683482Z","level":"error","event":"2025-11-16 14:42:03,683 - modules.predict - INFO - Модель успешно загружена из: /opt/airflow/airflow_hw/data/models/model.pkl","logger":"task.stderr"}
{"timestamp":"2025-11-16T14:42:03.683502Z","level":"info","event":"Модель успешно загружена из: /opt/airflow/airflow_hw/data/models/model.pkl","logger":"modules.predict","filename":"predict.py","lineno":29}
{"timestamp":"2025-11-16T14:42:04.474339Z","level":"error","event":"2025-11-16 14:42:04,473 - modules.predict - INFO - Объединено 1 файлов. Общее количество строк: 10000","logger":"task.stderr"}
{"timestamp":"2025-11-16T14:42:04.474211Z","level":"info","event":"Объединено 1 файлов. Общее количество строк: 10000","logger":"modules.predict","filename":"predict.py","lineno":49}
{"timestamp":"2025-11-16T14:42:05.171823Z","level":"error","event":"2025-11-16 14:42:05,171 - modules.predict - INFO - Предсказания выполнены и добавлены в DataFrame.","logger":"task.stderr"}
{"timestamp":"2025-11-16T14:42:05.171331Z","level":"info","event":"Предсказания выполнены и добавлены в DataFrame.","logger":"modules.predict","filename":"predict.py","lineno":63}
{"timestamp":"2025-11-16T14:42:07.380710Z","level":"error","event":"2025-11-16 14:42:07,380 - modules.predict - INFO - Предсказания сохранены в: /opt/airflow/airflow_hw/data/predictions/predictions.csv","logger":"task.stderr"}
{"timestamp":"2025-11-16T14:42:07.397121Z","level":"error","event":"2025-11-16 14:42:07,380 - modules.predict - INFO - --- Процесс прогнозирования завершен ---","logger":"task.stderr"}
{"timestamp":"2025-11-16T14:42:07.380648Z","level":"info","event":"Предсказания сохранены в: /opt/airflow/airflow_hw/data/predictions/predictions.csv","logger":"modules.predict","filename":"predict.py","lineno":75}
{"timestamp":"2025-11-16T14:42:07.380931Z","level":"info","event":"--- Процесс прогнозирования завершен ---","logger":"modules.predict","filename":"predict.py","lineno":95}
{"timestamp":"2025-11-16T14:42:07.386423Z","level":"info","event":"Done. Returned value was: None","logger":"airflow.task.operators.airflow.providers.standard.operators.python.PythonOperator","filename":"python.py","lineno":215}
{"timestamp":"2025-11-16T14:42:07.420532Z","level":"info","event":"Task instance in success state","logger":"task.stdout"}
{"timestamp":"2025-11-16T14:42:07.421157Z","level":"info","event":" Previous state of the Task instance: TaskInstanceState.RUNNING","logger":"task.stdout"}
{"timestamp":"2025-11-16T14:42:07.422075Z","level":"info","event":"Task operator:<Task(PythonOperator): predict>","logger":"task.stdout"}
